  [1m[35m (4.9ms)[0m  [1m[34mSELECT sqlite_version(*)[0m
  [1m[35m (2.2ms)[0m  [1m[35mCREATE TABLE "schema_migrations" ("version" varchar NOT NULL PRIMARY KEY)[0m
  [1m[35m (4.2ms)[0m  [1m[35mCREATE TABLE "ar_internal_metadata" ("key" varchar NOT NULL PRIMARY KEY, "value" varchar, "created_at" datetime(6) NOT NULL, "updated_at" datetime(6) NOT NULL)[0m
  [1m[35m (0.4ms)[0m  [1m[34mSELECT "schema_migrations"."version" FROM "schema_migrations" ORDER BY "schema_migrations"."version" ASC[0m
Migrating to CreateGoals (20210525164831)
  [1m[36mTRANSACTION (0.2ms)[0m  [1m[36mbegin transaction[0m
  [1m[35m (1.6ms)[0m  [1m[35mCREATE TABLE "goals" ("id" integer PRIMARY KEY AUTOINCREMENT NOT NULL, "original_goal" varchar, "original_s" varchar, "original_sm" varchar, "original_sma" varchar, "original_smar" varchar, "start_date" date, "end_date" date, "final_goal" varchar, "created_at" datetime(6) NOT NULL, "updated_at" datetime(6) NOT NULL)[0m
  [1m[36mActiveRecord::SchemaMigration Create (0.6ms)[0m  [1m[32mINSERT INTO "schema_migrations" ("version") VALUES (?)[0m  [["version", "20210525164831"]]
  [1m[36mTRANSACTION (1.2ms)[0m  [1m[36mcommit transaction[0m
  [1m[36mActiveRecord::InternalMetadata Load (0.4ms)[0m  [1m[34mSELECT "ar_internal_metadata".* FROM "ar_internal_metadata" WHERE "ar_internal_metadata"."key" = ? LIMIT ?[0m  [["key", "environment"], ["LIMIT", 1]]
  [1m[36mTRANSACTION (0.2ms)[0m  [1m[36mbegin transaction[0m
  [1m[36mActiveRecord::InternalMetadata Create (1.8ms)[0m  [1m[32mINSERT INTO "ar_internal_metadata" ("key", "value", "created_at", "updated_at") VALUES (?, ?, ?, ?)[0m  [["key", "environment"], ["value", "development"], ["created_at", "2021-05-25 16:52:55.234663"], ["updated_at", "2021-05-25 16:52:55.234663"]]
  [1m[36mTRANSACTION (1.4ms)[0m  [1m[36mcommit transaction[0m
  [1m[35m (0.9ms)[0m  [1m[34mSELECT sqlite_version(*)[0m
  [1m[35m (0.7ms)[0m  [1m[34mSELECT "schema_migrations"."version" FROM "schema_migrations" ORDER BY "schema_migrations"."version" ASC[0m
  [1m[35m (2.1ms)[0m  [1m[34mSELECT sqlite_version(*)[0m
  [1m[35m (1.8ms)[0m  [1m[34mSELECT "schema_migrations"."version" FROM "schema_migrations" ORDER BY "schema_migrations"."version" ASC[0m
  [1m[36mActiveRecord::InternalMetadata Load (0.9ms)[0m  [1m[34mSELECT "ar_internal_metadata".* FROM "ar_internal_metadata" WHERE "ar_internal_metadata"."key" = ? LIMIT ?[0m  [["key", "environment"], ["LIMIT", 1]]
  [1m[35m (0.1ms)[0m  [1m[34mSELECT sqlite_version(*)[0m
  [1m[35m (0.5ms)[0m  [1m[34mSELECT "schema_migrations"."version" FROM "schema_migrations" ORDER BY "schema_migrations"."version" ASC[0m
  [1m[35m (1.8ms)[0m  [1m[34mSELECT sqlite_version(*)[0m
  [1m[36mGoal Load (0.6ms)[0m  [1m[34mSELECT "goals".* FROM "goals" /* loading for inspect */ LIMIT ?[0m  [["LIMIT", 11]]
  [1m[36mGoal Load (1.4ms)[0m  [1m[34mSELECT "goals".* FROM "goals" ORDER BY "goals"."id" ASC LIMIT ?[0m  [["LIMIT", 1]]
  [1m[35m (3.0ms)[0m  [1m[34mSELECT sqlite_version(*)[0m
  [1m[35m (0.8ms)[0m  [1m[34mSELECT "schema_migrations"."version" FROM "schema_migrations" ORDER BY "schema_migrations"."version" ASC[0m
  [1m[35m (0.1ms)[0m  [1m[34mSELECT sqlite_version(*)[0m
  [1m[36mGoal Load (0.9ms)[0m  [1m[34mSELECT "goals".* FROM "goals"[0m
  [1m[36mTRANSACTION (0.1ms)[0m  [1m[36mbegin transaction[0m
  [1m[36mGoal Create (1.3ms)[0m  [1m[32mINSERT INTO "goals" ("original_s", "original_sm", "original_sma", "original_smar", "start_date", "end_date", "final_goal", "created_at", "updated_at") VALUES (?, ?, ?, ?, ?, ?, ?, ?, ?)[0m  [["original_s", "I want to feel happy."], ["original_sm", "I want to feel like the best version of myself."], ["original_sma", "I want to spend time doing the things that I love."], ["original_smar", "I will set aside 1 hour each day to do something I love."], ["start_date", 1986], ["end_date", 1985], ["final_goal", "Beginning on May 30th, I will meditate from 8-9am every Mon-Fri until June 30th."], ["created_at", "2021-05-25 17:22:07.750249"], ["updated_at", "2021-05-25 17:22:07.750249"]]
  [1m[36mTRANSACTION (1.4ms)[0m  [1m[36mcommit transaction[0m
  [1m[36mTRANSACTION (0.1ms)[0m  [1m[36mbegin transaction[0m
  [1m[36mGoal Create (1.2ms)[0m  [1m[32mINSERT INTO "goals" ("original_s", "original_sm", "original_sma", "original_smar", "start_date", "end_date", "final_goal", "created_at", "updated_at") VALUES (?, ?, ?, ?, ?, ?, ?, ?, ?)[0m  [["original_s", "I want to be healthy."], ["original_sm", "I want to eat healthy foods and work out."], ["original_sma", "I will set aside time during lunch break to cook and work out."], ["original_smar", "I will spend 30 minutes at lunch cooking healthy foods and working out."], ["start_date", 1986], ["end_date", 1985], ["final_goal", "Beginning on May 30th and until June 30th, I will spend 30 minutes at lunch cooking healthy foods and doing pilates."], ["created_at", "2021-05-25 17:22:07.764686"], ["updated_at", "2021-05-25 17:22:07.764686"]]
  [1m[36mTRANSACTION (3.1ms)[0m  [1m[36mcommit transaction[0m
  [1m[35m (1.8ms)[0m  [1m[34mSELECT sqlite_version(*)[0m
  [1m[36mGoal Load (0.6ms)[0m  [1m[34mSELECT "goals".* FROM "goals" /* loading for inspect */ LIMIT ?[0m  [["LIMIT", 11]]
  [1m[36mGoal Load (0.5ms)[0m  [1m[34mSELECT "goals".* FROM "goals" ORDER BY "goals"."id" ASC LIMIT ?[0m  [["LIMIT", 1]]
Started GET "/" for ::1 at 2021-05-25 11:23:23 -0600
  [1m[35m (15.3ms)[0m  [1m[34mSELECT sqlite_version(*)[0m
  [1m[35m (0.7ms)[0m  [1m[34mSELECT "schema_migrations"."version" FROM "schema_migrations" ORDER BY "schema_migrations"."version" ASC[0m
Processing by Rails::WelcomeController#index as HTML
  Rendering /Users/Gregly/.rvm/gems/ruby-2.6.6/gems/railties-6.1.3.2/lib/rails/templates/rails/welcome/index.html.erb
  Rendered /Users/Gregly/.rvm/gems/ruby-2.6.6/gems/railties-6.1.3.2/lib/rails/templates/rails/welcome/index.html.erb (Duration: 18.4ms | Allocations: 474)
Completed 200 OK in 165ms (Views: 56.0ms | ActiveRecord: 0.0ms | Allocations: 4172)


Started GET "/goals" for ::1 at 2021-05-25 11:23:38 -0600
Processing by GoalsController#index as */*
  Parameters: {"username"=>"mory", "password"=>"[FILTERED]", "goal"=>{}}
  [1m[36mGoal Load (0.8ms)[0m  [1m[34mSELECT "goals".* FROM "goals"[0m
  ↳ app/controllers/goals_controller.rb:5:in `index'
Completed 200 OK in 184ms (Views: 179.5ms | ActiveRecord: 11.4ms | Allocations: 6970)


Started GET "/goal/2" for ::1 at 2021-05-25 11:23:51 -0600
  
ActionController::RoutingError (No route matches [GET] "/goal/2"):
  
Started GET "/goals/2" for ::1 at 2021-05-25 11:23:58 -0600
Processing by GoalsController#show as */*
  Parameters: {"username"=>"mory", "password"=>"[FILTERED]", "id"=>"2", "goal"=>{}}
  [1m[36mGoal Load (0.9ms)[0m  [1m[34mSELECT "goals".* FROM "goals" WHERE "goals"."id" = ? LIMIT ?[0m  [["id", 2], ["LIMIT", 1]]
  ↳ app/controllers/goals_controller.rb:9:in `show'
Completed 200 OK in 27ms (Views: 1.1ms | ActiveRecord: 0.9ms | Allocations: 2454)


  [1m[35m (2.4ms)[0m  [1m[34mSELECT sqlite_version(*)[0m
  [1m[35m (0.7ms)[0m  [1m[34mSELECT "schema_migrations"."version" FROM "schema_migrations" ORDER BY "schema_migrations"."version" ASC[0m
  [1m[35m (0.1ms)[0m  [1m[34mSELECT sqlite_version(*)[0m
  [1m[36mGoal Load (0.3ms)[0m  [1m[34mSELECT "goals".* FROM "goals"[0m
  [1m[36mTRANSACTION (0.1ms)[0m  [1m[36mbegin transaction[0m
  [1m[36mGoal Destroy (0.8ms)[0m  [1m[31mDELETE FROM "goals" WHERE "goals"."id" = ?[0m  [["id", 1]]
  [1m[36mTRANSACTION (3.6ms)[0m  [1m[36mcommit transaction[0m
  [1m[36mTRANSACTION (0.1ms)[0m  [1m[36mbegin transaction[0m
  [1m[36mGoal Destroy (0.5ms)[0m  [1m[31mDELETE FROM "goals" WHERE "goals"."id" = ?[0m  [["id", 2]]
  [1m[36mTRANSACTION (1.0ms)[0m  [1m[36mcommit transaction[0m
  [1m[36mTRANSACTION (0.1ms)[0m  [1m[36mbegin transaction[0m
  [1m[36mGoal Create (0.7ms)[0m  [1m[32mINSERT INTO "goals" ("original_goal", "original_s", "original_sm", "original_sma", "original_smar", "start_date", "end_date", "final_goal", "created_at", "updated_at") VALUES (?, ?, ?, ?, ?, ?, ?, ?, ?, ?)[0m  [["original_goal", "I want to feel better."], ["original_s", "I want to feel happy."], ["original_sm", "I want to feel like the best version of myself."], ["original_sma", "I want to spend time doing the things that I love."], ["original_smar", "I will set aside 1 hour each day to do something I love."], ["start_date", 1986], ["end_date", 1985], ["final_goal", "Beginning on May 30th, I will meditate from 8-9am every Mon-Fri until June 30th."], ["created_at", "2021-05-25 17:25:31.929291"], ["updated_at", "2021-05-25 17:25:31.929291"]]
  [1m[36mTRANSACTION (2.4ms)[0m  [1m[36mcommit transaction[0m
  [1m[36mTRANSACTION (0.1ms)[0m  [1m[36mbegin transaction[0m
  [1m[36mGoal Create (0.8ms)[0m  [1m[32mINSERT INTO "goals" ("original_goal", "original_s", "original_sm", "original_sma", "original_smar", "start_date", "end_date", "final_goal", "created_at", "updated_at") VALUES (?, ?, ?, ?, ?, ?, ?, ?, ?, ?)[0m  [["original_goal", "I want to feel refreshed."], ["original_s", "I want to be healthy."], ["original_sm", "I want to eat healthy foods and work out."], ["original_sma", "I will set aside time during lunch break to cook and work out."], ["original_smar", "I will spend 30 minutes at lunch cooking healthy foods and working out."], ["start_date", 1986], ["end_date", 1985], ["final_goal", "Beginning on May 30th and until June 30th, I will spend 30 minutes at lunch cooking healthy foods and doing pilates."], ["created_at", "2021-05-25 17:25:31.942956"], ["updated_at", "2021-05-25 17:25:31.942956"]]
  [1m[36mTRANSACTION (1.5ms)[0m  [1m[36mcommit transaction[0m
  [1m[35m (1.4ms)[0m  [1m[34mSELECT sqlite_version(*)[0m
  [1m[36mGoal Load (0.6ms)[0m  [1m[34mSELECT "goals".* FROM "goals" ORDER BY "goals"."id" ASC LIMIT ?[0m  [["LIMIT", 1]]
Started GET "/goals/2" for ::1 at 2021-05-25 11:25:55 -0600
Processing by GoalsController#show as */*
  Parameters: {"username"=>"mory", "password"=>"[FILTERED]", "id"=>"2", "goal"=>{}}
  [1m[36mGoal Load (0.7ms)[0m  [1m[34mSELECT "goals".* FROM "goals" WHERE "goals"."id" = ? LIMIT ?[0m  [["id", 2], ["LIMIT", 1]]
  ↳ app/controllers/goals_controller.rb:9:in `show'
Completed 404 Not Found in 5ms (ActiveRecord: 0.7ms | Allocations: 522)


  
ActiveRecord::RecordNotFound (Couldn't find Goal with 'id'=2):
  
app/controllers/goals_controller.rb:9:in `show'
Started GET "/goals" for ::1 at 2021-05-25 11:26:03 -0600
Processing by GoalsController#index as */*
  Parameters: {"username"=>"mory", "password"=>"[FILTERED]", "goal"=>{}}
  [1m[36mGoal Load (0.3ms)[0m  [1m[34mSELECT "goals".* FROM "goals"[0m
  ↳ app/controllers/goals_controller.rb:5:in `index'
Completed 200 OK in 4ms (Views: 3.7ms | ActiveRecord: 0.3ms | Allocations: 983)


Started GET "/goals/1" for ::1 at 2021-05-25 11:26:13 -0600
Processing by GoalsController#show as */*
  Parameters: {"username"=>"mory", "password"=>"[FILTERED]", "id"=>"1", "goal"=>{}}
  [1m[36mGoal Load (0.4ms)[0m  [1m[34mSELECT "goals".* FROM "goals" WHERE "goals"."id" = ? LIMIT ?[0m  [["id", 1], ["LIMIT", 1]]
  ↳ app/controllers/goals_controller.rb:9:in `show'
Completed 404 Not Found in 3ms (ActiveRecord: 0.4ms | Allocations: 517)


  
ActiveRecord::RecordNotFound (Couldn't find Goal with 'id'=1):
  
app/controllers/goals_controller.rb:9:in `show'
Started GET "/goals/3" for ::1 at 2021-05-25 11:26:20 -0600
Processing by GoalsController#show as */*
  Parameters: {"username"=>"mory", "password"=>"[FILTERED]", "id"=>"3", "goal"=>{}}
  [1m[36mGoal Load (1.1ms)[0m  [1m[34mSELECT "goals".* FROM "goals" WHERE "goals"."id" = ? LIMIT ?[0m  [["id", 3], ["LIMIT", 1]]
  ↳ app/controllers/goals_controller.rb:9:in `show'
Completed 200 OK in 8ms (Views: 1.6ms | ActiveRecord: 1.1ms | Allocations: 679)


Started POST "/goals" for ::1 at 2021-05-25 11:26:54 -0600
Processing by GoalsController#create as */*
  Parameters: {"original_goal"=>"Testing 123", "original_s"=>"I want to feel happy.", "original_sm"=>"I want to feel like the best version of myself.", "original_sma"=>"I want to spend time doing the things that I love.", "original_smar"=>"I will set aside 1 hour each day to do something I love.", "start_date"=>1986, "end_date"=>1985, "final_goal"=>"Beginning on May 30th, I will meditate from 8-9am every Mon-Fri until June 30th.", "created_at"=>"2021-05-25T17:25:31.929Z", "updated_at"=>"2021-05-25T17:25:31.929Z", "goal"=>{"original_goal"=>"Testing 123", "original_s"=>"I want to feel happy.", "original_sm"=>"I want to feel like the best version of myself.", "original_sma"=>"I want to spend time doing the things that I love.", "original_smar"=>"I will set aside 1 hour each day to do something I love.", "start_date"=>1986, "end_date"=>1985, "final_goal"=>"Beginning on May 30th, I will meditate from 8-9am every Mon-Fri until June 30th.", "created_at"=>"2021-05-25T17:25:31.929Z", "updated_at"=>"2021-05-25T17:25:31.929Z"}}
  [1m[36mTRANSACTION (0.1ms)[0m  [1m[36mbegin transaction[0m
  ↳ app/controllers/goals_controller.rb:14:in `create'
  [1m[36mGoal Create (1.8ms)[0m  [1m[32mINSERT INTO "goals" ("original_s", "original_sm", "original_sma", "original_smar", "start_date", "end_date", "final_goal", "created_at", "updated_at") VALUES (?, ?, ?, ?, ?, ?, ?, ?, ?)[0m  [["original_s", "I want to feel happy."], ["original_sm", "I want to feel like the best version of myself."], ["original_sma", "I want to spend time doing the things that I love."], ["original_smar", "I will set aside 1 hour each day to do something I love."], ["start_date", 1986], ["end_date", 1985], ["final_goal", "Beginning on May 30th, I will meditate from 8-9am every Mon-Fri until June 30th."], ["created_at", "2021-05-25 17:26:54.244569"], ["updated_at", "2021-05-25 17:26:54.244569"]]
  ↳ app/controllers/goals_controller.rb:14:in `create'
  [1m[36mTRANSACTION (2.4ms)[0m  [1m[36mcommit transaction[0m
  ↳ app/controllers/goals_controller.rb:14:in `create'
Completed 200 OK in 118ms (Views: 1.2ms | ActiveRecord: 4.4ms | Allocations: 2045)


Started GET "/goals" for ::1 at 2021-05-25 11:27:04 -0600
Processing by GoalsController#index as */*
  Parameters: {"original_goal"=>"Testing 123", "original_s"=>"I want to feel happy.", "original_sm"=>"I want to feel like the best version of myself.", "original_sma"=>"I want to spend time doing the things that I love.", "original_smar"=>"I will set aside 1 hour each day to do something I love.", "start_date"=>1986, "end_date"=>1985, "final_goal"=>"Beginning on May 30th, I will meditate from 8-9am every Mon-Fri until June 30th.", "created_at"=>"2021-05-25T17:25:31.929Z", "updated_at"=>"2021-05-25T17:25:31.929Z", "goal"=>{"original_goal"=>"Testing 123", "original_s"=>"I want to feel happy.", "original_sm"=>"I want to feel like the best version of myself.", "original_sma"=>"I want to spend time doing the things that I love.", "original_smar"=>"I will set aside 1 hour each day to do something I love.", "start_date"=>1986, "end_date"=>1985, "final_goal"=>"Beginning on May 30th, I will meditate from 8-9am every Mon-Fri until June 30th.", "created_at"=>"2021-05-25T17:25:31.929Z", "updated_at"=>"2021-05-25T17:25:31.929Z"}}
  [1m[36mGoal Load (0.3ms)[0m  [1m[34mSELECT "goals".* FROM "goals"[0m
  ↳ app/controllers/goals_controller.rb:5:in `index'
Completed 200 OK in 11ms (Views: 9.4ms | ActiveRecord: 0.3ms | Allocations: 1163)


Started GET "/goals" for ::1 at 2021-05-25 11:27:41 -0600
  [1m[35m (0.5ms)[0m  [1m[34mSELECT sqlite_version(*)[0m
Processing by GoalsController#index as */*
  Parameters: {"original_goal"=>"Testing 123", "original_s"=>"I want to feel happy.", "original_sm"=>"I want to feel like the best version of myself.", "original_sma"=>"I want to spend time doing the things that I love.", "original_smar"=>"I will set aside 1 hour each day to do something I love.", "start_date"=>1986, "end_date"=>1985, "final_goal"=>"Beginning on May 30th, I will meditate from 8-9am every Mon-Fri until June 30th.", "created_at"=>"2021-05-25T17:25:31.929Z", "updated_at"=>"2021-05-25T17:25:31.929Z", "goal"=>{"original_goal"=>"Testing 123", "original_s"=>"I want to feel happy.", "original_sm"=>"I want to feel like the best version of myself.", "original_sma"=>"I want to spend time doing the things that I love.", "original_smar"=>"I will set aside 1 hour each day to do something I love.", "start_date"=>1986, "end_date"=>1985, "final_goal"=>"Beginning on May 30th, I will meditate from 8-9am every Mon-Fri until June 30th.", "created_at"=>"2021-05-25T17:25:31.929Z", "updated_at"=>"2021-05-25T17:25:31.929Z"}}
  [1m[36mGoal Load (0.6ms)[0m  [1m[34mSELECT "goals".* FROM "goals"[0m
  ↳ app/controllers/goals_controller.rb:5:in `index'
Completed 200 OK in 176ms (Views: 169.1ms | ActiveRecord: 9.5ms | Allocations: 6210)


